# JRE version: Java(TM) SE Runtime Environment (8.0_45-b15) (build 1.8.0_45-b15)
# Java VM: Java HotSpot(TM) 64-Bit Server VM (25.45-b02 mixed mode windows-amd64 compressed oops)
Heap:
 PSYoungGen      total 78336K, used 39654K [0x00000000f5580000, 0x00000000fc300000, 0x0000000100000000)
  eden space 65024K, 41% used [0x00000000f5580000,0x00000000f6fb6cd0,0x00000000f9500000)
  from space 13312K, 96% used [0x00000000f9680000,0x00000000fa302e80,0x00000000fa380000)
  to   space 23552K, 0% used [0x00000000fac00000,0x00000000fac00000,0x00000000fc300000)
 ParOldGen       total 104960K, used 37908K [0x00000000e0000000, 0x00000000e6680000, 0x00000000f5580000)
  object space 104960K, 36% used [0x00000000e0000000,0x00000000e2505008,0x00000000e6680000)
 Metaspace       used 92297K, capacity 98822K, committed 99072K, reserved 1134592K
  class space    used 11167K, capacity 13239K, committed 13312K, reserved 1048576K
GC Heap History (10 events):
Event: 1541.924 GC heap before
{Heap before GC invocations=59 (full 20):
 PSYoungGen      total 97792K, used 86667K [0x00000000f5580000, 0x00000000fcf80000, 0x0000000100000000)
  eden space 72704K, 100% used [0x00000000f5580000,0x00000000f9c80000,0x00000000f9c80000)
  from space 25088K, 55% used [0x00000000fb700000,0x00000000fc4a2da8,0x00000000fcf80000)
  to   space 26112K, 0% used [0x00000000f9c80000,0x00000000f9c80000,0x00000000fb600000)
 ParOldGen       total 104960K, used 37868K [0x00000000e0000000, 0x00000000e6680000, 0x00000000f5580000)
  object space 104960K, 36% used [0x00000000e0000000,0x00000000e24fb008,0x00000000e6680000)
 Metaspace       used 89050K, capacity 95584K, committed 95872K, reserved 1132544K
  class space    used 10828K, capacity 12869K, committed 12928K, reserved 1048576K
Event: 1541.938 GC heap after
Heap after GC invocations=59 (full 20):
 PSYoungGen      total 84992K, used 13452K [0x00000000f5580000, 0x00000000fce00000, 0x0000000100000000)
  eden space 71168K, 0% used [0x00000000f5580000,0x00000000f5580000,0x00000000f9b00000)
  from space 13824K, 97% used [0x00000000f9c80000,0x00000000fa9a3158,0x00000000faa00000)
  to   space 26112K, 0% used [0x00000000fb480000,0x00000000fb480000,0x00000000fce00000)
 ParOldGen       total 104960K, used 37876K [0x00000000e0000000, 0x00000000e6680000, 0x00000000f5580000)
  object space 104960K, 36% used [0x00000000e0000000,0x00000000e24fd008,0x00000000e6680000)
 Metaspace       used 89050K, capacity 95584K, committed 95872K, reserved 1132544K
  class space    used 10828K, capacity 12869K, committed 12928K, reserved 1048576K
}
Event: 2466.554 GC heap before
{Heap before GC invocations=60 (full 20):
 PSYoungGen      total 84992K, used 84620K [0x00000000f5580000, 0x00000000fce00000, 0x0000000100000000)
  eden space 71168K, 100% used [0x00000000f5580000,0x00000000f9b00000,0x00000000f9b00000)
  from space 13824K, 97% used [0x00000000f9c80000,0x00000000fa9a3158,0x00000000faa00000)
  to   space 26112K, 0% used [0x00000000fb480000,0x00000000fb480000,0x00000000fce00000)
 ParOldGen       total 104960K, used 37876K [0x00000000e0000000, 0x00000000e6680000, 0x00000000f5580000)
  object space 104960K, 36% used [0x00000000e0000000,0x00000000e24fd008,0x00000000e6680000)
 Metaspace       used 89137K, capacity 95776K, committed 95872K, reserved 1132544K
  class space    used 10828K, capacity 12869K, committed 12928K, reserved 1048576K
Event: 2466.561 GC heap after
Heap after GC invocations=60 (full 20):
 PSYoungGen      total 95232K, used 14053K [0x00000000f5580000, 0x00000000fcd80000, 0x0000000100000000)
  eden space 69632K, 0% used [0x00000000f5580000,0x00000000f5580000,0x00000000f9980000)
  from space 25600K, 54% used [0x00000000fb480000,0x00000000fc239508,0x00000000fcd80000)
  to   space 26624K, 0% used [0x00000000f9980000,0x00000000f9980000,0x00000000fb380000)
 ParOldGen       total 104960K, used 37884K [0x00000000e0000000, 0x00000000e6680000, 0x00000000f5580000)
  object space 104960K, 36% used [0x00000000e0000000,0x00000000e24ff008,0x00000000e6680000)
 Metaspace       used 89137K, capacity 95776K, committed 95872K, reserved 1132544K
  class space    used 10828K, capacity 12869K, committed 12928K, reserved 1048576K
}
Event: 3577.025 GC heap before
{Heap before GC invocations=61 (full 20):
 PSYoungGen      total 95232K, used 83685K [0x00000000f5580000, 0x00000000fcd80000, 0x0000000100000000)
  eden space 69632K, 100% used [0x00000000f5580000,0x00000000f9980000,0x00000000f9980000)
  from space 25600K, 54% used [0x00000000fb480000,0x00000000fc239508,0x00000000fcd80000)
  to   space 26624K, 0% used [0x00000000f9980000,0x00000000f9980000,0x00000000fb380000)
 ParOldGen       total 104960K, used 37884K [0x00000000e0000000, 0x00000000e6680000, 0x00000000f5580000)
  object space 104960K, 36% used [0x00000000e0000000,0x00000000e24ff008,0x00000000e6680000)
 Metaspace       used 89158K, capacity 95776K, committed 95872K, reserved 1132544K
  class space    used 10828K, capacity 12869K, committed 12928K, reserved 1048576K
Event: 3577.031 GC heap after
Heap after GC invocations=61 (full 20):
 PSYoungGen      total 78336K, used 9734K [0x00000000f5580000, 0x00000000fc900000, 0x0000000100000000)
  eden space 68096K, 0% used [0x00000000f5580000,0x00000000f5580000,0x00000000f9800000)
  from space 10240K, 95% used [0x00000000f9980000,0x00000000fa301a10,0x00000000fa380000)
  to   space 25088K, 0% used [0x00000000fb080000,0x00000000fb080000,0x00000000fc900000)
 ParOldGen       total 104960K, used 37892K [0x00000000e0000000, 0x00000000e6680000, 0x00000000f5580000)
  object space 104960K, 36% used [0x00000000e0000000,0x00000000e2501008,0x00000000e6680000)
 Metaspace       used 89158K, capacity 95776K, committed 95872K, reserved 1132544K
  class space    used 10828K, capacity 12869K, committed 12928K, reserved 1048576K
}
Event: 4591.621 GC heap before
{Heap before GC invocations=62 (full 20):
 PSYoungGen      total 78336K, used 77830K [0x00000000f5580000, 0x00000000fc900000, 0x0000000100000000)
  eden space 68096K, 100% used [0x00000000f5580000,0x00000000f9800000,0x00000000f9800000)
  from space 10240K, 95% used [0x00000000f9980000,0x00000000fa301a10,0x00000000fa380000)
  to   space 25088K, 0% used [0x00000000fb080000,0x00000000fb080000,0x00000000fc900000)
 ParOldGen       total 104960K, used 37892K [0x00000000e0000000, 0x00000000e6680000, 0x00000000f5580000)
  object space 104960K, 36% used [0x00000000e0000000,0x00000000e2501008,0x00000000e6680000)
 Metaspace       used 89183K, capacity 95840K, committed 96128K, reserved 1132544K
  class space    used 10828K, capacity 12869K, committed 12928K, reserved 1048576K
Event: 4591.628 GC heap after
Heap after GC invocations=62 (full 20):
 PSYoungGen      total 87040K, used 9510K [0x00000000f5580000, 0x00000000fc480000, 0x0000000100000000)
  eden space 66560K, 0% used [0x00000000f5580000,0x00000000f5580000,0x00000000f9680000)
  from space 20480K, 46% used [0x00000000fb080000,0x00000000fb9c9a30,0x00000000fc480000)
  to   space 23552K, 0% used [0x00000000f9680000,0x00000000f9680000,0x00000000fad80000)
 ParOldGen       total 104960K, used 37900K [0x00000000e0000000, 0x00000000e6680000, 0x00000000f5580000)
  object space 104960K, 36% used [0x00000000e0000000,0x00000000e2503008,0x00000000e6680000)
 Metaspace       used 89183K, capacity 95840K, committed 96128K, reserved 1132544K
  class space    used 10828K, capacity 12869K, committed 12928K, reserved 1048576K
}
Event: 4917.010 GC heap before
{Heap before GC invocations=63 (full 20):
 PSYoungGen      total 87040K, used 76070K [0x00000000f5580000, 0x00000000fc480000, 0x0000000100000000)
  eden space 66560K, 100% used [0x00000000f5580000,0x00000000f9680000,0x00000000f9680000)
  from space 20480K, 46% used [0x00000000fb080000,0x00000000fb9c9a30,0x00000000fc480000)
  to   space 23552K, 0% used [0x00000000f9680000,0x00000000f9680000,0x00000000fad80000)
 ParOldGen       total 104960K, used 37900K [0x00000000e0000000, 0x00000000e6680000, 0x00000000f5580000)
  object space 104960K, 36% used [0x00000000e0000000,0x00000000e2503008,0x00000000e6680000)
 Metaspace       used 91653K, capacity 98448K, committed 98688K, reserved 1134592K
  class space    used 11095K, capacity 13140K, committed 13184K, reserved 1048576K
Event: 4917.017 GC heap after
Heap after GC invocations=63 (full 20):
 PSYoungGen      total 78336K, used 12811K [0x00000000f5580000, 0x00000000fc300000, 0x0000000100000000)
  eden space 65024K, 0% used [0x00000000f5580000,0x00000000f5580000,0x00000000f9500000)
  from space 13312K, 96% used [0x00000000f9680000,0x00000000fa302e80,0x00000000fa380000)
  to   space 23552K, 0% used [0x00000000fac00000,0x00000000fac00000,0x00000000fc300000)
 ParOldGen       total 104960K, used 37908K [0x00000000e0000000, 0x00000000e6680000, 0x00000000f5580000)
  object space 104960K, 36% used [0x00000000e0000000,0x00000000e2505008,0x00000000e6680000)
 Metaspace       used 91653K, capacity 98448K, committed 98688K, reserved 1134592K
  class space    used 11095K, capacity 13140K, committed 13184K, reserved 1048576K
}

