# JRE version: Java(TM) SE Runtime Environment (8.0_45-b15) (build 1.8.0_45-b15)
# Java VM: Java HotSpot(TM) 64-Bit Server VM (25.45-b02 mixed mode windows-amd64 compressed oops)
Heap:
 PSYoungGen      total 94720K, used 92714K [0x00000000f5580000, 0x00000000fd480000, 0x0000000100000000)
  eden space 72704K, 97% used [0x00000000f5580000,0x00000000f9af5fd8,0x00000000f9c80000)
  from space 22016K, 98% used [0x00000000f9c80000,0x00000000fb194bb8,0x00000000fb200000)
  to   space 24576K, 0% used [0x00000000fbc80000,0x00000000fbc80000,0x00000000fd480000)
 ParOldGen       total 115200K, used 43223K [0x00000000e0000000, 0x00000000e7080000, 0x00000000f5580000)
  object space 115200K, 37% used [0x00000000e0000000,0x00000000e2a35f98,0x00000000e7080000)
 Metaspace       used 78822K, capacity 85212K, committed 85376K, reserved 1122304K
  class space    used 9864K, capacity 11815K, committed 11904K, reserved 1048576K
GC Heap History (10 events):
Event: 3.110 GC heap before
{Heap before GC invocations=10 (full 2):
 PSYoungGen      total 60416K, used 45056K [0x00000000f5580000, 0x00000000fb680000, 0x0000000100000000)
  eden space 45056K, 100% used [0x00000000f5580000,0x00000000f8180000,0x00000000f8180000)
  from space 15360K, 0% used [0x00000000f8180000,0x00000000f8180000,0x00000000f9080000)
  to   space 15872K, 0% used [0x00000000fa700000,0x00000000fa700000,0x00000000fb680000)
 ParOldGen       total 74752K, used 22502K [0x00000000e0000000, 0x00000000e4900000, 0x00000000f5580000)
  object space 74752K, 30% used [0x00000000e0000000,0x00000000e15f9ab0,0x00000000e4900000)
 Metaspace       used 41963K, capacity 45260K, committed 45440K, reserved 1089536K
  class space    used 5001K, capacity 6000K, committed 6016K, reserved 1048576K
Event: 3.128 GC heap after
Heap after GC invocations=10 (full 2):
 PSYoungGen      total 77312K, used 12346K [0x00000000f5580000, 0x00000000fb480000, 0x0000000100000000)
  eden space 63488K, 0% used [0x00000000f5580000,0x00000000f5580000,0x00000000f9380000)
  from space 13824K, 89% used [0x00000000fa700000,0x00000000fb30eb78,0x00000000fb480000)
  to   space 16896K, 0% used [0x00000000f9380000,0x00000000f9380000,0x00000000fa400000)
 ParOldGen       total 74752K, used 22510K [0x00000000e0000000, 0x00000000e4900000, 0x00000000f5580000)
  object space 74752K, 30% used [0x00000000e0000000,0x00000000e15fbab0,0x00000000e4900000)
 Metaspace       used 41963K, capacity 45260K, committed 45440K, reserved 1089536K
  class space    used 5001K, capacity 6000K, committed 6016K, reserved 1048576K
}
Event: 3.932 GC heap before
{Heap before GC invocations=11 (full 2):
 PSYoungGen      total 77312K, used 70751K [0x00000000f5580000, 0x00000000fb480000, 0x0000000100000000)
  eden space 63488K, 91% used [0x00000000f5580000,0x00000000f8e893b0,0x00000000f9380000)
  from space 13824K, 89% used [0x00000000fa700000,0x00000000fb30eb78,0x00000000fb480000)
  to   space 16896K, 0% used [0x00000000f9380000,0x00000000f9380000,0x00000000fa400000)
 ParOldGen       total 74752K, used 22510K [0x00000000e0000000, 0x00000000e4900000, 0x00000000f5580000)
  object space 74752K, 30% used [0x00000000e0000000,0x00000000e15fbab0,0x00000000e4900000)
 Metaspace       used 54418K, capacity 59090K, committed 59160K, reserved 1099776K
  class space    used 6625K, capacity 8052K, committed 8064K, reserved 1048576K
Event: 3.943 GC heap after
Heap after GC invocations=11 (full 2):
 PSYoungGen      total 80384K, used 16870K [0x00000000f5580000, 0x00000000fcc00000, 0x0000000100000000)
  eden space 63488K, 0% used [0x00000000f5580000,0x00000000f5580000,0x00000000f9380000)
  from space 16896K, 99% used [0x00000000f9380000,0x00000000fa3f9a78,0x00000000fa400000)
  to   space 21504K, 0% used [0x00000000fb700000,0x00000000fb700000,0x00000000fcc00000)
 ParOldGen       total 74752K, used 28455K [0x00000000e0000000, 0x00000000e4900000, 0x00000000f5580000)
  object space 74752K, 38% used [0x00000000e0000000,0x00000000e1bc9ce0,0x00000000e4900000)
 Metaspace       used 54418K, capacity 59090K, committed 59160K, reserved 1099776K
  class space    used 6625K, capacity 8052K, committed 8064K, reserved 1048576K
}
Event: 3.943 GC heap before
{Heap before GC invocations=12 (full 3):
 PSYoungGen      total 80384K, used 16870K [0x00000000f5580000, 0x00000000fcc00000, 0x0000000100000000)
  eden space 63488K, 0% used [0x00000000f5580000,0x00000000f5580000,0x00000000f9380000)
  from space 16896K, 99% used [0x00000000f9380000,0x00000000fa3f9a78,0x00000000fa400000)
  to   space 21504K, 0% used [0x00000000fb700000,0x00000000fb700000,0x00000000fcc00000)
 ParOldGen       total 74752K, used 28455K [0x00000000e0000000, 0x00000000e4900000, 0x00000000f5580000)
  object space 74752K, 38% used [0x00000000e0000000,0x00000000e1bc9ce0,0x00000000e4900000)
 Metaspace       used 54418K, capacity 59090K, committed 59160K, reserved 1099776K
  class space    used 6625K, capacity 8052K, committed 8064K, reserved 1048576K
Event: 4.120 GC heap after
Heap after GC invocations=12 (full 3):
 PSYoungGen      total 80384K, used 0K [0x00000000f5580000, 0x00000000fcc00000, 0x0000000100000000)
  eden space 63488K, 0% used [0x00000000f5580000,0x00000000f5580000,0x00000000f9380000)
  from space 16896K, 0% used [0x00000000f9380000,0x00000000f9380000,0x00000000fa400000)
  to   space 21504K, 0% used [0x00000000fb700000,0x00000000fb700000,0x00000000fcc00000)
 ParOldGen       total 115200K, used 43207K [0x00000000e0000000, 0x00000000e7080000, 0x00000000f5580000)
  object space 115200K, 37% used [0x00000000e0000000,0x00000000e2a31f98,0x00000000e7080000)
 Metaspace       used 54418K, capacity 59090K, committed 59160K, reserved 1099776K
  class space    used 6625K, capacity 8052K, committed 8064K, reserved 1048576K
}
Event: 4.965 GC heap before
{Heap before GC invocations=13 (full 3):
 PSYoungGen      total 80384K, used 63488K [0x00000000f5580000, 0x00000000fcc00000, 0x0000000100000000)
  eden space 63488K, 100% used [0x00000000f5580000,0x00000000f9380000,0x00000000f9380000)
  from space 16896K, 0% used [0x00000000f9380000,0x00000000f9380000,0x00000000fa400000)
  to   space 21504K, 0% used [0x00000000fb700000,0x00000000fb700000,0x00000000fcc00000)
 ParOldGen       total 115200K, used 43207K [0x00000000e0000000, 0x00000000e7080000, 0x00000000f5580000)
  object space 115200K, 37% used [0x00000000e0000000,0x00000000e2a31f98,0x00000000e7080000)
 Metaspace       used 62909K, capacity 68114K, committed 68352K, reserved 1107968K
  class space    used 7840K, capacity 9380K, committed 9472K, reserved 1048576K
Event: 4.977 GC heap after
Heap after GC invocations=13 (full 3):
 PSYoungGen      total 89600K, used 14033K [0x00000000f5580000, 0x00000000fc780000, 0x0000000100000000)
  eden space 72704K, 0% used [0x00000000f5580000,0x00000000f5580000,0x00000000f9c80000)
  from space 16896K, 83% used [0x00000000fb700000,0x00000000fc4b4738,0x00000000fc780000)
  to   space 22016K, 0% used [0x00000000f9c80000,0x00000000f9c80000,0x00000000fb200000)
 ParOldGen       total 115200K, used 43215K [0x00000000e0000000, 0x00000000e7080000, 0x00000000f5580000)
  object space 115200K, 37% used [0x00000000e0000000,0x00000000e2a33f98,0x00000000e7080000)
 Metaspace       used 62909K, capacity 68114K, committed 68352K, reserved 1107968K
  class space    used 7840K, capacity 9380K, committed 9472K, reserved 1048576K
}
Event: 27.742 GC heap before
{Heap before GC invocations=14 (full 3):
 PSYoungGen      total 89600K, used 86737K [0x00000000f5580000, 0x00000000fc780000, 0x0000000100000000)
  eden space 72704K, 100% used [0x00000000f5580000,0x00000000f9c80000,0x00000000f9c80000)
  from space 16896K, 83% used [0x00000000fb700000,0x00000000fc4b4738,0x00000000fc780000)
  to   space 22016K, 0% used [0x00000000f9c80000,0x00000000f9c80000,0x00000000fb200000)
 ParOldGen       total 115200K, used 43215K [0x00000000e0000000, 0x00000000e7080000, 0x00000000f5580000)
  object space 115200K, 37% used [0x00000000e0000000,0x00000000e2a33f98,0x00000000e7080000)
 Metaspace       used 71919K, capacity 78222K, committed 78336K, reserved 1116160K
  class space    used 8996K, capacity 10918K, committed 11008K, reserved 1048576K
Event: 27.758 GC heap after
Heap after GC invocations=14 (full 3):
 PSYoungGen      total 94720K, used 21586K [0x00000000f5580000, 0x00000000fd480000, 0x0000000100000000)
  eden space 72704K, 0% used [0x00000000f5580000,0x00000000f5580000,0x00000000f9c80000)
  from space 22016K, 98% used [0x00000000f9c80000,0x00000000fb194bb8,0x00000000fb200000)
  to   space 24576K, 0% used [0x00000000fbc80000,0x00000000fbc80000,0x00000000fd480000)
 ParOldGen       total 115200K, used 43223K [0x00000000e0000000, 0x00000000e7080000, 0x00000000f5580000)
  object space 115200K, 37% used [0x00000000e0000000,0x00000000e2a35f98,0x00000000e7080000)
 Metaspace       used 71919K, capacity 78222K, committed 78336K, reserved 1116160K
  class space    used 8996K, capacity 10918K, committed 11008K, reserved 1048576K
}

