# JRE version: Java(TM) SE Runtime Environment (8.0_45-b15) (build 1.8.0_45-b15)
# Java VM: Java HotSpot(TM) 64-Bit Server VM (25.45-b02 mixed mode windows-amd64 compressed oops)
Heap:
 PSYoungGen      total 115200K, used 66329K [0x00000000f5580000, 0x00000000fe800000, 0x0000000100000000)
  eden space 89600K, 57% used [0x00000000f5580000,0x00000000f8818a18,0x00000000fad00000)
  from space 25600K, 56% used [0x00000000fad00000,0x00000000fbb2dce8,0x00000000fc600000)
  to   space 26624K, 0% used [0x00000000fce00000,0x00000000fce00000,0x00000000fe800000)
 ParOldGen       total 115200K, used 38265K [0x00000000e0000000, 0x00000000e7080000, 0x00000000f5580000)
  object space 115200K, 33% used [0x00000000e0000000,0x00000000e255e6d8,0x00000000e7080000)
 Metaspace       used 87706K, capacity 93982K, committed 94080K, reserved 1130496K
  class space    used 10959K, capacity 12918K, committed 12928K, reserved 1048576K
GC Heap History (10 events):
Event: 421.905 GC heap before
{Heap before GC invocations=28 (full 10):
 PSYoungGen      total 115712K, used 192K [0x00000000f5580000, 0x00000000fe080000, 0x0000000100000000)
  eden space 90112K, 0% used [0x00000000f5580000,0x00000000f5580000,0x00000000fad80000)
  from space 25600K, 0% used [0x00000000fc780000,0x00000000fc7b0000,0x00000000fe080000)
  to   space 26112K, 0% used [0x00000000fad80000,0x00000000fad80000,0x00000000fc700000)
 ParOldGen       total 115200K, used 50462K [0x00000000e0000000, 0x00000000e7080000, 0x00000000f5580000)
  object space 115200K, 43% used [0x00000000e0000000,0x00000000e3147a70,0x00000000e7080000)
 Metaspace       used 74722K, capacity 80894K, committed 81152K, reserved 1120256K
  class space    used 9291K, capacity 11249K, committed 11264K, reserved 1048576K
Event: 422.064 GC heap after
Heap after GC invocations=28 (full 10):
 PSYoungGen      total 115712K, used 0K [0x00000000f5580000, 0x00000000fe080000, 0x0000000100000000)
  eden space 90112K, 0% used [0x00000000f5580000,0x00000000f5580000,0x00000000fad80000)
  from space 25600K, 0% used [0x00000000fc780000,0x00000000fc780000,0x00000000fe080000)
  to   space 26112K, 0% used [0x00000000fad80000,0x00000000fad80000,0x00000000fc700000)
 ParOldGen       total 115200K, used 50040K [0x00000000e0000000, 0x00000000e7080000, 0x00000000f5580000)
  object space 115200K, 43% used [0x00000000e0000000,0x00000000e30de038,0x00000000e7080000)
 Metaspace       used 74722K, capacity 80894K, committed 81152K, reserved 1120256K
  class space    used 9291K, capacity 11249K, committed 11264K, reserved 1048576K
}
Event: 481.906 GC heap before
{Heap before GC invocations=29 (full 10):
 PSYoungGen      total 115712K, used 4012K [0x00000000f5580000, 0x00000000fe080000, 0x0000000100000000)
  eden space 90112K, 4% used [0x00000000f5580000,0x00000000f596b3b8,0x00000000fad80000)
  from space 25600K, 0% used [0x00000000fc780000,0x00000000fc780000,0x00000000fe080000)
  to   space 26112K, 0% used [0x00000000fad80000,0x00000000fad80000,0x00000000fc700000)
 ParOldGen       total 115200K, used 50040K [0x00000000e0000000, 0x00000000e7080000, 0x00000000f5580000)
  object space 115200K, 43% used [0x00000000e0000000,0x00000000e30de038,0x00000000e7080000)
 Metaspace       used 74730K, capacity 80894K, committed 81152K, reserved 1120256K
  class space    used 9291K, capacity 11249K, committed 11264K, reserved 1048576K
Event: 481.912 GC heap after
Heap after GC invocations=29 (full 10):
 PSYoungGen      total 90624K, used 160K [0x00000000f5580000, 0x00000000fde80000, 0x0000000100000000)
  eden space 90112K, 0% used [0x00000000f5580000,0x00000000f5580000,0x00000000fad80000)
  from space 512K, 31% used [0x00000000fad80000,0x00000000fada8000,0x00000000fae00000)
  to   space 25088K, 0% used [0x00000000fc600000,0x00000000fc600000,0x00000000fde80000)
 ParOldGen       total 115200K, used 50040K [0x00000000e0000000, 0x00000000e7080000, 0x00000000f5580000)
  object space 115200K, 43% used [0x00000000e0000000,0x00000000e30de038,0x00000000e7080000)
 Metaspace       used 74730K, capacity 80894K, committed 81152K, reserved 1120256K
  class space    used 9291K, capacity 11249K, committed 11264K, reserved 1048576K
}
Event: 481.912 GC heap before
{Heap before GC invocations=30 (full 11):
 PSYoungGen      total 90624K, used 160K [0x00000000f5580000, 0x00000000fde80000, 0x0000000100000000)
  eden space 90112K, 0% used [0x00000000f5580000,0x00000000f5580000,0x00000000fad80000)
  from space 512K, 31% used [0x00000000fad80000,0x00000000fada8000,0x00000000fae00000)
  to   space 25088K, 0% used [0x00000000fc600000,0x00000000fc600000,0x00000000fde80000)
 ParOldGen       total 115200K, used 50040K [0x00000000e0000000, 0x00000000e7080000, 0x00000000f5580000)
  object space 115200K, 43% used [0x00000000e0000000,0x00000000e30de038,0x00000000e7080000)
 Metaspace       used 74730K, capacity 80894K, committed 81152K, reserved 1120256K
  class space    used 9291K, capacity 11249K, committed 11264K, reserved 1048576K
Event: 482.065 GC heap after
Heap after GC invocations=30 (full 11):
 PSYoungGen      total 90624K, used 0K [0x00000000f5580000, 0x00000000fde80000, 0x0000000100000000)
  eden space 90112K, 0% used [0x00000000f5580000,0x00000000f5580000,0x00000000fad80000)
  from space 512K, 0% used [0x00000000fad80000,0x00000000fad80000,0x00000000fae00000)
  to   space 25088K, 0% used [0x00000000fc600000,0x00000000fc600000,0x00000000fde80000)
 ParOldGen       total 115200K, used 38249K [0x00000000e0000000, 0x00000000e7080000, 0x00000000f5580000)
  object space 115200K, 33% used [0x00000000e0000000,0x00000000e255a6d8,0x00000000e7080000)
 Metaspace       used 74690K, capacity 80828K, committed 81152K, reserved 1120256K
  class space    used 9285K, capacity 11238K, committed 11264K, reserved 1048576K
}
Event: 538.498 GC heap before
{Heap before GC invocations=31 (full 11):
 PSYoungGen      total 90624K, used 90112K [0x00000000f5580000, 0x00000000fde80000, 0x0000000100000000)
  eden space 90112K, 100% used [0x00000000f5580000,0x00000000fad80000,0x00000000fad80000)
  from space 512K, 0% used [0x00000000fad80000,0x00000000fad80000,0x00000000fae00000)
  to   space 25088K, 0% used [0x00000000fc600000,0x00000000fc600000,0x00000000fde80000)
 ParOldGen       total 115200K, used 38249K [0x00000000e0000000, 0x00000000e7080000, 0x00000000f5580000)
  object space 115200K, 33% used [0x00000000e0000000,0x00000000e255a6d8,0x00000000e7080000)
 Metaspace       used 79994K, capacity 86540K, committed 86656K, reserved 1124352K
  class space    used 10004K, capacity 12087K, committed 12160K, reserved 1048576K
Event: 538.509 GC heap after
Heap after GC invocations=31 (full 11):
 PSYoungGen      total 114688K, used 11701K [0x00000000f5580000, 0x00000000fe800000, 0x0000000100000000)
  eden space 89600K, 0% used [0x00000000f5580000,0x00000000f5580000,0x00000000fad00000)
  from space 25088K, 46% used [0x00000000fc600000,0x00000000fd16d4d8,0x00000000fde80000)
  to   space 25600K, 0% used [0x00000000fad00000,0x00000000fad00000,0x00000000fc600000)
 ParOldGen       total 115200K, used 38257K [0x00000000e0000000, 0x00000000e7080000, 0x00000000f5580000)
  object space 115200K, 33% used [0x00000000e0000000,0x00000000e255c6d8,0x00000000e7080000)
 Metaspace       used 79994K, capacity 86540K, committed 86656K, reserved 1124352K
  class space    used 10004K, capacity 12087K, committed 12160K, reserved 1048576K
}
Event: 564.971 GC heap before
{Heap before GC invocations=32 (full 11):
 PSYoungGen      total 114688K, used 101301K [0x00000000f5580000, 0x00000000fe800000, 0x0000000100000000)
  eden space 89600K, 100% used [0x00000000f5580000,0x00000000fad00000,0x00000000fad00000)
  from space 25088K, 46% used [0x00000000fc600000,0x00000000fd16d4d8,0x00000000fde80000)
  to   space 25600K, 0% used [0x00000000fad00000,0x00000000fad00000,0x00000000fc600000)
 ParOldGen       total 115200K, used 38257K [0x00000000e0000000, 0x00000000e7080000, 0x00000000f5580000)
  object space 115200K, 33% used [0x00000000e0000000,0x00000000e255c6d8,0x00000000e7080000)
 Metaspace       used 85120K, capacity 91490K, committed 91648K, reserved 1128448K
  class space    used 10626K, capacity 12689K, committed 12800K, reserved 1048576K
Event: 564.977 GC heap after
Heap after GC invocations=32 (full 11):
 PSYoungGen      total 115200K, used 14519K [0x00000000f5580000, 0x00000000fe800000, 0x0000000100000000)
  eden space 89600K, 0% used [0x00000000f5580000,0x00000000f5580000,0x00000000fad00000)
  from space 25600K, 56% used [0x00000000fad00000,0x00000000fbb2dce8,0x00000000fc600000)
  to   space 26624K, 0% used [0x00000000fce00000,0x00000000fce00000,0x00000000fe800000)
 ParOldGen       total 115200K, used 38265K [0x00000000e0000000, 0x00000000e7080000, 0x00000000f5580000)
  object space 115200K, 33% used [0x00000000e0000000,0x00000000e255e6d8,0x00000000e7080000)
 Metaspace       used 85120K, capacity 91490K, committed 91648K, reserved 1128448K
  class space    used 10626K, capacity 12689K, committed 12800K, reserved 1048576K
}

